Build started 04.01.2018 20:25:54.
     1>Project "C:\Users\Ondřej\Desktop\programovani C++\virusy\KeyLog\KeyLog\KeyLog.vcxproj" on node 2 (Build target(s)).
     1>InitializeBuildStatus:
         Touching "x64\Release\KeyLog.tlog\unsuccessfulbuild".
       ClCompile:
         C:\Program Files (x86)\Microsoft Visual Studio 14.0\VC\bin\x86_amd64\CL.exe /c /Zi /nologo /W3 /WX- /sdl /O2 /Oi /GL /D _MBCS /Gm- /EHsc /MD /GS /Gy /fp:precise /Zc:wchar_t /Zc:forScope /Zc:inline /Fo"x64\Release\\" /Fd"x64\Release\vc140.pdb" /Gd /TP /errorReport:prompt Source.cpp
         Source.cpp
       Link:
         C:\Program Files (x86)\Microsoft Visual Studio 14.0\VC\bin\x86_amd64\link.exe /ERRORREPORT:PROMPT /OUT:"C:\Users\Ondřej\Desktop\programovani C++\virusy\KeyLog\x64\Release\KeyLog.exe" /NOLOGO kernel32.lib user32.lib gdi32.lib winspool.lib comdlg32.lib advapi32.lib shell32.lib ole32.lib oleaut32.lib uuid.lib odbc32.lib odbccp32.lib /MANIFEST /MANIFESTUAC:"level='asInvoker' uiAccess='false'" /manifest:embed /DEBUG /PDB:"C:\Users\Ondřej\Desktop\programovani C++\virusy\KeyLog\x64\Release\KeyLog.pdb" /OPT:REF /OPT:ICF /LTCG:incremental /TLBID:1 /DYNAMICBASE /NXCOMPAT /IMPLIB:"C:\Users\Ondřej\Desktop\programovani C++\virusy\KeyLog\x64\Release\KeyLog.lib" /MACHINE:X64 x64\Release\Source.obj
            Creating library C:\Users\Ondřej\Desktop\programovani C++\virusy\KeyLog\x64\Release\KeyLog.lib and object C:\Users\Ondřej\Desktop\programovani C++\virusy\KeyLog\x64\Release\KeyLog.exp
         Generating code
         4 of 182 functions ( 2.2%) were compiled, the rest were copied from previous compilation.
           0 functions were new in current compilation
           4 functions had inline decision re-evaluated but remain unchanged
         Finished generating code
         KeyLog.vcxproj -> C:\Users\Ondřej\Desktop\programovani C++\virusy\KeyLog\x64\Release\KeyLog.exe
         KeyLog.vcxproj -> C:\Users\Ondřej\Desktop\programovani C++\virusy\KeyLog\x64\Release\KeyLog.pdb (Full PDB)
       FinalizeBuildStatus:
         Deleting file "x64\Release\KeyLog.tlog\unsuccessfulbuild".
         Touching "x64\Release\KeyLog.tlog\KeyLog.lastbuildstate".
     1>Done Building Project "C:\Users\Ondřej\Desktop\programovani C++\virusy\KeyLog\KeyLog\KeyLog.vcxproj" (Build target(s)).

Project Performance Summary:
     4199 ms  C:\Users\Ondřej\Desktop\programovani C++\virusy\KeyLog\KeyLog\KeyLog.vcxproj   1 calls
               4199 ms  Build                                      1 calls

Target Performance Summary:
        0 ms  AfterBuildCompileEvent                     1 calls
        0 ms  _Manifest                                  1 calls
        0 ms  _SelectedFiles                             1 calls
        0 ms  PostBuildEvent                             1 calls
        0 ms  _Midl                                      1 calls
        0 ms  SelectCustomBuild                          1 calls
        0 ms  _ClCompile                                 1 calls
        0 ms  FixupCLCompileOptions                      1 calls
        0 ms  ModifyUnitTestPlatformVersion              1 calls
        0 ms  SelectClCompile                            1 calls
        0 ms  CreateCustomManifestResourceNames          1 calls
        0 ms  BeforeLink                                 1 calls
        0 ms  AfterBuild                                 1 calls
        0 ms  ComputeCLInputPDBName                      1 calls
        0 ms  GetCopyToOutputDirectoryItems              1 calls
        0 ms  _BuildLinkAction                           1 calls
        0 ms  BeforeResourceCompile                      1 calls
        0 ms  AfterMidl                                  1 calls
        0 ms  PreLinkEvent                               1 calls
        0 ms  ResolveAssemblyReferences                  1 calls
        0 ms  _Deploy                                    1 calls
        0 ms  ResolveReferences                          1 calls
        0 ms  AfterBuildGenerateSources                  1 calls
        0 ms  BuildGenerateSources                       1 calls
        0 ms  _CopySourceItemsToOutputDirectory          1 calls
        0 ms  GetFrameworkPaths                          1 calls
        0 ms  AfterResourceCompile                       1 calls
        0 ms  _Xsd                                       1 calls
        0 ms  MakeDirsForBscMake                         1 calls
        0 ms  _GenerateSatelliteAssemblyInputs           1 calls
        0 ms  MakeDirsForResourceCompile                 1 calls
        0 ms  ComputeManifestGeneratedLinkerInputs       1 calls
        0 ms  _ResourceCompile                           1 calls
        0 ms  Build                                      1 calls
        0 ms  _Link                                      1 calls
        0 ms  BuildLinkTraverse                          1 calls
        0 ms  ComputeRCOutputs                           1 calls
        0 ms  _XdcMake                                   1 calls
        0 ms  CreateSatelliteAssemblies                  1 calls
        0 ms  ExpandSDKReferences                        1 calls
        0 ms  BuildCompileTraverse                       1 calls
        0 ms  ComputeLinkInputsFromProject               1 calls
        0 ms  _PrepareForReferenceResolution             1 calls
        0 ms  ComputeMIDLGeneratedCompileInputs          1 calls
        0 ms  PrepareForRun                              1 calls
        0 ms  BuildGenerateSourcesTraverse               1 calls
        0 ms  _BscMake                                   1 calls
        0 ms  MakeDirsForMidl                            1 calls
        0 ms  PreBuildEvent                              1 calls
        0 ms  RegisterOutput                             1 calls
        0 ms  ComputeReferenceCLInput                    1 calls
        0 ms  _BuildGenerateSourcesAction                1 calls
        0 ms  BuildLink                                  1 calls
        0 ms  BeforeResolveReferences                    1 calls
        0 ms  AfterResolveReferences                     1 calls
        0 ms  ComputeCLCompileGeneratedSbrFiles          1 calls
        0 ms  ComputeCLOutputs                           1 calls
        0 ms  BeforeClCompile                            1 calls
        0 ms  _Appverifier                               1 calls
        0 ms  PrepareResourceNames                       1 calls
        0 ms  AfterBuildGenerateSourcesEvent             1 calls
        0 ms  ResolveSDKReferences                       1 calls
        0 ms  BeforeBuildGenerateSources                 1 calls
        0 ms  AfterClCompile                             1 calls
        0 ms  ResolvedXDCMake                            1 calls
        0 ms  PlatformPrepareForBuild                    1 calls
        0 ms  MakeDirsForXdcMake                         1 calls
        0 ms  AfterLink                                  1 calls
        0 ms  _BuildCompileAction                        1 calls
        0 ms  _SplitProjectReferencesByFileExistence     1 calls
        0 ms  BuildCompile                               1 calls
        0 ms  ComputeCLGeneratedLinkInputs               1 calls
        0 ms  ComputeRCGeneratedLinkInputs               1 calls
        0 ms  _ALink                                     1 calls
        0 ms  ComputeCustomBuildOutput                   1 calls
        1 ms  MakeDirsForCl                              1 calls
        1 ms  AssignProjectConfiguration                 1 calls
        1 ms  GetInstalledSDKLocations                   1 calls
        1 ms  SetBuildDefaultEnvironmentVariables        1 calls
        1 ms  GetResolvedWinMD                           1 calls
        1 ms  AssignTargetPaths                          1 calls
        1 ms  ComputeCLCompileGeneratedXDCFiles          1 calls
        1 ms  _CheckForCompileOutputs                    1 calls
        1 ms  GetCopyToOutputDirectoryXamlAppDefs        1 calls
        1 ms  _PrepareForBuild                           1 calls
        1 ms  GetReferenceAssemblyPaths                  1 calls
        1 ms  ComputeManifestInputsTargets               1 calls
        1 ms  ResolveProjectReferences                   1 calls
        1 ms  WarnCompileDuplicatedFilename              1 calls
        1 ms  Desktop_PlatformPrepareForBuild            1 calls
        1 ms  ComputeLinkSwitches                        1 calls
        1 ms  ComputeLegacyManifestEmbedding             1 calls
        1 ms  MakeDirsForLink                            1 calls
        1 ms  CopyFilesToOutputDirectory                 1 calls
        2 ms  _CheckForInvalidConfigurationAndPlatform   1 calls
        2 ms  PrepareForBuild                            1 calls
        3 ms  FinalizeBuildStatus                        1 calls
        4 ms  InitializeBuildStatus                      1 calls
        7 ms  SetCABuildNativeEnvironmentVariables       1 calls
       13 ms  ComputeLinkImportLibraryOutputsForClean    1 calls
       16 ms  SplitResourcesByCulture                    1 calls
       22 ms  DoLinkOutputFilesMatch                     1 calls
     1107 ms  ClCompile                                  1 calls
     3011 ms  Link                                       1 calls

Build succeeded.

Time Elapsed 00:00:04.19
