Build started 01.12.2017 0:01:34.
     1>Project "C:\Users\Ondřej\Desktop\programovani C++\virusy\KeyLog\KeyLog\KeyLog.vcxproj" on node 2 (Build target(s)).
     1>PrepareForBuild:
         Creating directory "C:\Users\Ondřej\Desktop\programovani C++\virusy\KeyLog\Debug\".
         Creating directory "Debug\KeyLog.tlog\".
       InitializeBuildStatus:
         Creating "Debug\KeyLog.tlog\unsuccessfulbuild" because "AlwaysCreate" was specified.
       ClCompile:
         C:\Program Files (x86)\Microsoft Visual Studio 14.0\VC\bin\CL.exe /c /ZI /nologo /W3 /WX- /sdl /Od /Oy- /D _MBCS /Gm /EHsc /RTC1 /MDd /GS /fp:precise /Zc:wchar_t /Zc:forScope /Zc:inline /Fo"Debug\\" /Fd"Debug\vc140.pdb" /Gd /TP /analyze- /errorReport:prompt Source.cpp
         Source.cpp
       Link:
         C:\Program Files (x86)\Microsoft Visual Studio 14.0\VC\bin\link.exe /ERRORREPORT:PROMPT /OUT:"C:\Users\Ondřej\Desktop\programovani C++\virusy\KeyLog\Debug\KeyLog.exe" /INCREMENTAL /NOLOGO kernel32.lib user32.lib gdi32.lib winspool.lib comdlg32.lib advapi32.lib shell32.lib ole32.lib oleaut32.lib uuid.lib odbc32.lib odbccp32.lib /MANIFEST /MANIFESTUAC:"level='asInvoker' uiAccess='false'" /manifest:embed /DEBUG:FASTLINK /PDB:"C:\Users\Ondřej\Desktop\programovani C++\virusy\KeyLog\Debug\KeyLog.pdb" /TLBID:1 /DYNAMICBASE /NXCOMPAT /IMPLIB:"C:\Users\Ondřej\Desktop\programovani C++\virusy\KeyLog\Debug\KeyLog.lib" /MACHINE:X86 Debug\Source.obj
            Creating library C:\Users\Ondřej\Desktop\programovani C++\virusy\KeyLog\Debug\KeyLog.lib and object C:\Users\Ondřej\Desktop\programovani C++\virusy\KeyLog\Debug\KeyLog.exp
         KeyLog.vcxproj -> C:\Users\Ondřej\Desktop\programovani C++\virusy\KeyLog\Debug\KeyLog.exe
         KeyLog.vcxproj -> C:\Users\Ondřej\Desktop\programovani C++\virusy\KeyLog\Debug\KeyLog.pdb (Partial PDB)
       FinalizeBuildStatus:
         Deleting file "Debug\KeyLog.tlog\unsuccessfulbuild".
         Touching "Debug\KeyLog.tlog\KeyLog.lastbuildstate".
     1>Done Building Project "C:\Users\Ondřej\Desktop\programovani C++\virusy\KeyLog\KeyLog\KeyLog.vcxproj" (Build target(s)).

Project Performance Summary:
     3117 ms  C:\Users\Ondřej\Desktop\programovani C++\virusy\KeyLog\KeyLog\KeyLog.vcxproj   1 calls
               3117 ms  Build                                      1 calls

Target Performance Summary:
        0 ms  AfterBuildCompileEvent                     1 calls
        0 ms  SelectClCompile                            1 calls
        0 ms  GetCopyToOutputDirectoryXamlAppDefs        1 calls
        0 ms  _CheckForCompileOutputs                    1 calls
        0 ms  GetResolvedWinMD                           1 calls
        0 ms  _Manifest                                  1 calls
        0 ms  _SelectedFiles                             1 calls
        0 ms  PostBuildEvent                             1 calls
        0 ms  _Midl                                      1 calls
        0 ms  SelectCustomBuild                          1 calls
        0 ms  _ClCompile                                 1 calls
        0 ms  ModifyUnitTestPlatformVersion              1 calls
        0 ms  CreateCustomManifestResourceNames          1 calls
        0 ms  ResolveAssemblyReferences                  1 calls
        0 ms  BeforeLink                                 1 calls
        0 ms  AfterBuild                                 1 calls
        0 ms  ComputeCLInputPDBName                      1 calls
        0 ms  ComputeManifestInputsTargets               1 calls
        0 ms  _BuildLinkAction                           1 calls
        0 ms  BeforeResourceCompile                      1 calls
        0 ms  ResolveReferences                          1 calls
        0 ms  AfterMidl                                  1 calls
        0 ms  ComputeManifestGeneratedLinkerInputs       1 calls
        0 ms  AfterBuildGenerateSources                  1 calls
        0 ms  BuildGenerateSources                       1 calls
        0 ms  _CopySourceItemsToOutputDirectory          1 calls
        0 ms  GetFrameworkPaths                          1 calls
        0 ms  AfterResourceCompile                       1 calls
        0 ms  _Xsd                                       1 calls
        0 ms  ComputeCustomBuildOutput                   1 calls
        0 ms  MakeDirsForBscMake                         1 calls
        0 ms  _GenerateSatelliteAssemblyInputs           1 calls
        0 ms  _ResourceCompile                           1 calls
        0 ms  ComputeLinkInputsFromProject               1 calls
        0 ms  Build                                      1 calls
        0 ms  _Link                                      1 calls
        0 ms  BuildLinkTraverse                          1 calls
        0 ms  ComputeRCOutputs                           1 calls
        0 ms  WarnCompileDuplicatedFilename              1 calls
        0 ms  _XdcMake                                   1 calls
        0 ms  CreateSatelliteAssemblies                  1 calls
        0 ms  ExpandSDKReferences                        1 calls
        0 ms  BuildCompileTraverse                       1 calls
        0 ms  ComputeCLCompileGeneratedXDCFiles          1 calls
        0 ms  PreLinkEvent                               1 calls
        0 ms  ComputeMIDLGeneratedCompileInputs          1 calls
        0 ms  _PrepareForReferenceResolution             1 calls
        0 ms  BeforeClCompile                            1 calls
        0 ms  AfterResolveReferences                     1 calls
        0 ms  BeforeResolveReferences                    1 calls
        0 ms  _Deploy                                    1 calls
        0 ms  PrepareForRun                              1 calls
        0 ms  PreBuildEvent                              1 calls
        0 ms  MakeDirsForMidl                            1 calls
        0 ms  _BscMake                                   1 calls
        0 ms  AfterBuildGenerateSourcesEvent             1 calls
        0 ms  _Appverifier                               1 calls
        0 ms  _BuildGenerateSourcesAction                1 calls
        0 ms  BuildLink                                  1 calls
        0 ms  ComputeCLCompileGeneratedSbrFiles          1 calls
        0 ms  _ALink                                     1 calls
        0 ms  Desktop_PlatformPrepareForBuild            1 calls
        0 ms  ComputeCLGeneratedLinkInputs               1 calls
        0 ms  _SplitProjectReferencesByFileExistence     1 calls
        0 ms  BuildGenerateSourcesTraverse               1 calls
        0 ms  RegisterOutput                             1 calls
        0 ms  PrepareResourceNames                       1 calls
        0 ms  ComputeReferenceCLInput                    1 calls
        0 ms  MakeDirsForXdcMake                         1 calls
        0 ms  AfterClCompile                             1 calls
        0 ms  ComputeRCGeneratedLinkInputs               1 calls
        0 ms  BuildCompile                               1 calls
        0 ms  AfterLink                                  1 calls
        0 ms  _BuildCompileAction                        1 calls
        0 ms  BeforeBuildGenerateSources                 1 calls
        0 ms  GetInstalledSDKLocations                   1 calls
        1 ms  ResolvedXDCMake                            1 calls
        1 ms  MakeDirsForResourceCompile                 1 calls
        1 ms  ResolveProjectReferences                   1 calls
        1 ms  ResolveSDKReferences                       1 calls
        1 ms  PlatformPrepareForBuild                    1 calls
        1 ms  MakeDirsForLink                            1 calls
        1 ms  CopyFilesToOutputDirectory                 1 calls
        1 ms  GetReferenceAssemblyPaths                  1 calls
        1 ms  MakeDirsForCl                              1 calls
        1 ms  ComputeLegacyManifestEmbedding             1 calls
        1 ms  SplitResourcesByCulture                    1 calls
        1 ms  AssignTargetPaths                          1 calls
        1 ms  ComputeLinkSwitches                        1 calls
        1 ms  GetCopyToOutputDirectoryItems              1 calls
        1 ms  FixupCLCompileOptions                      1 calls
        1 ms  DoLinkOutputFilesMatch                     1 calls
        1 ms  ComputeCLOutputs                           1 calls
        1 ms  _PrepareForBuild                           1 calls
        1 ms  AssignProjectConfiguration                 1 calls
        2 ms  FinalizeBuildStatus                        1 calls
        3 ms  ComputeLinkImportLibraryOutputsForClean    1 calls
        4 ms  PrepareForBuild                            1 calls
        4 ms  SetBuildDefaultEnvironmentVariables        1 calls
        4 ms  InitializeBuildStatus                      1 calls
       33 ms  _CheckForInvalidConfigurationAndPlatform   1 calls
      687 ms  SetCABuildNativeEnvironmentVariables       1 calls
      820 ms  Link                                       1 calls
     1547 ms  ClCompile                                  1 calls

Build succeeded.

Time Elapsed 00:00:03.08
